<?xml version="1.0" encoding="UTF-8"?>
<!-- Generated by org.testng.reporters.JUnitReportReporter -->
<testsuite hostname="pintus-iMac.local" failures="0" tests="1" name="desktoptests.TestDemo" time="5158.539" errors="0" timestamp="24 Jan 2020 12:39:35 GMT" skipped="0">
  <testcase classname="desktoptests.TestDemo" name="check" time="5158.539"/>
</testsuite> <!-- desktoptests.TestDemo -->
