<?xml version="1.0" encoding="UTF-8"?>
<!-- Generated by org.testng.reporters.JUnitReportReporter -->
<testsuite hostname="karthiks-MacBook-Air.local" failures="0" tests="2" name="tests.ScrollDemo" time="30.433" errors="0" timestamp="25 Dec 2019 15:25:07 GMT" skipped="0">
  <testcase classname="tests.ScrollDemo" name="scrollTEst" time="30.430"/>
  <testcase classname="tests.ScrollDemo" name="test2Demo" time="0.003"/>
</testsuite> <!-- tests.ScrollDemo -->
