<?xml version="1.0" encoding="UTF-8"?>
<!-- Generated by org.testng.reporters.JUnitReportReporter -->
<testsuite hostname="DESKTOP-EPP4E1V" failures="0" tests="1" name="desktoptests.TestDemo" time="552.260" errors="0" timestamp="26 Mar 2020 12:58:01 GMT" skipped="0">
  <testcase classname="desktoptests.TestDemo" name="fillAll" time="552.260"/>
</testsuite> <!-- desktoptests.TestDemo -->
