<?xml version="1.0" encoding="UTF-8"?>
<!-- Generated by org.testng.reporters.JUnitReportReporter -->
<testsuite hostname="karthiks-MacBook-Air.local" failures="0" tests="1" name="utilities.AppiumServerInitialization" time="0.236" errors="1" timestamp="23 Dec 2019 17:09:39 GMT" skipped="0">
  <testcase classname="utilities.AppiumServerInitialization" name="appiumInitialize" time="0.236">
    <error message="The main Appium script does not exist at &#039;/Users/karthikp/Documents/GIT/appium-selenium-framework/appium/build/lib/main.js&#039;" type="io.appium.java_client.service.local.InvalidServerInstanceException">
      <![CDATA[io.appium.java_client.service.local.InvalidServerInstanceException: The main Appium script does not exist at '/Users/karthikp/Documents/GIT/appium-selenium-framework/appium/build/lib/main.js'
at io.appium.java_client.service.local.AppiumServiceBuilder.findMainScript(AppiumServiceBuilder.java:161)
at io.appium.java_client.service.local.AppiumServiceBuilder.loadPathToMainScript(AppiumServiceBuilder.java:300)
at io.appium.java_client.service.local.AppiumServiceBuilder.createArgs(AppiumServiceBuilder.java:381)
at org.openqa.selenium.remote.service.DriverService$Builder.build(DriverService.java:358)
at io.appium.java_client.service.local.AppiumDriverLocalService.buildService(AppiumDriverLocalService.java:87)
at utilities.AppiumServerInitialization.appiumInitialize(AppiumServerInitialization.java:29)
at java.base/jdk.internal.reflect.NativeMethodAccessorImpl.invoke0(Native Method)
at java.base/jdk.internal.reflect.NativeMethodAccessorImpl.invoke(NativeMethodAccessorImpl.java:62)
at java.base/jdk.internal.reflect.DelegatingMethodAccessorImpl.invoke(DelegatingMethodAccessorImpl.java:43)
at java.base/java.lang.reflect.Method.invoke(Method.java:567)
at org.testng.internal.MethodInvocationHelper.invokeMethod(MethodInvocationHelper.java:124)
at org.testng.internal.MethodInvocationHelper.invokeMethodConsideringTimeout(MethodInvocationHelper.java:59)
at org.testng.internal.Invoker.invokeConfigurationMethod(Invoker.java:458)
at org.testng.internal.Invoker.invokeConfigurations(Invoker.java:222)
at org.testng.internal.Invoker.invokeConfigurations(Invoker.java:142)
at org.testng.TestRunner.beforeRun(TestRunner.java:529)
at org.testng.TestRunner.run(TestRunner.java:497)
at org.testng.SuiteRunner.runTest(SuiteRunner.java:455)
at org.testng.SuiteRunner.runSequentially(SuiteRunner.java:450)
at org.testng.SuiteRunner.privateRun(SuiteRunner.java:415)
at org.testng.SuiteRunner.run(SuiteRunner.java:364)
at org.testng.SuiteRunnerWorker.runSuite(SuiteRunnerWorker.java:52)
at org.testng.SuiteRunnerWorker.run(SuiteRunnerWorker.java:84)
at org.testng.TestNG.runSuitesSequentially(TestNG.java:1208)
at org.testng.TestNG.runSuitesLocally(TestNG.java:1137)
at org.testng.TestNG.runSuites(TestNG.java:1049)
at org.testng.TestNG.run(TestNG.java:1017)
at org.testng.remote.AbstractRemoteTestNG.run(AbstractRemoteTestNG.java:115)
at org.testng.remote.RemoteTestNG.initAndRun(RemoteTestNG.java:251)
at org.testng.remote.RemoteTestNG.main(RemoteTestNG.java:77)
]]>
    </error>
  </testcase> <!-- appiumInitialize -->
</testsuite> <!-- utilities.AppiumServerInitialization -->
